<?xml version="1.0" encoding="UTF-8"?>
<testsuite xmlns:xsi="http://www.w3.org/2001/XMLSchema-instance" xsi:noNamespaceSchemaLocation="https://maven.apache.org/surefire/maven-surefire-plugin/xsd/surefire-test-report-3.0.xsd" version="3.0" name="com.corebank.TransactionMS.TransactionMsApplicationTests" time="4.256" tests="4" errors="0" skipped="0" failures="0">
  <properties>
[...]
</properties>
  <testcase name="testGetAllTransactions" classname="com.corebank.TransactionMS.TransactionMsApplicationTests" time="1.819">
    <system-out><![CDATA[02:37:57.748 [main] INFO org.hibernate.validator.internal.util.Version -- HV000001: Hibernate Validator 7.0.0.Final
]]></system-out>
  </testcase>
  <testcase name="testPostWithdrawal" classname="com.corebank.TransactionMS.TransactionMsApplicationTests" time="0.09"/>
  <testcase name="testPostDeposit" classname="com.corebank.TransactionMS.TransactionMsApplicationTests" time="0.041"/>
  <testcase name="testPostTransfer" classname="com.corebank.TransactionMS.TransactionMsApplicationTests" time="0.04"/>
</testsuite>